<?xml version="1.0" encoding="UTF-8"?>
<!-- Generated by org.testng.reporters.JUnitReportReporter -->
<testsuite hostname="D43VHYX1" failures="0" tests="4" name="com.qa.tests.CustomAnnotationTest" time="0.034" errors="0" timestamp="2019-09-17T11:53:43 IST" skipped="2">
  <testcase classname="com.qa.tests.CustomAnnotationTest" name="initializeDriver" time="0.023"/>
  <testcase classname="com.qa.tests.CustomAnnotationTest" name="initializeDriver1" time="0.011"/>
  <testcase classname="com.qa.tests.CustomAnnotationTest" name="annotationTest">
    <skipped/>
  </testcase> <!-- annotationTest -->
  <testcase classname="com.qa.tests.CustomAnnotationTest" name="printAnnotation">
    <skipped/>
  </testcase> <!-- printAnnotation -->
</testsuite> <!-- com.qa.tests.CustomAnnotationTest -->
