<?xml version="1.0" encoding="UTF-8"?>
<!-- Generated by org.testng.reporters.JUnitReportReporter -->
<testsuite hostname="D43VHYX1" failures="0" tests="1" name="com.qa.tests.WebDriverTest" time="16.511" errors="0" timestamp="2019-09-23T15:51:20 IST" skipped="0">
  <testcase classname="com.qa.tests.WebDriverTest" name="wdTest" time="16.511"/>
</testsuite> <!-- com.qa.tests.WebDriverTest -->
