<?xml version="1.0" encoding="UTF-8"?>
<!-- Generated by org.testng.reporters.JUnitReportReporter -->
<testsuite hostname="D43VHYX1" failures="0" tests="1" name="com.qa.SeleniumPractice.InterviewTestIdea" time="52.860" errors="0" timestamp="2020-03-23T00:24:07 IST" skipped="0">
  <testcase classname="com.qa.SeleniumPractice.InterviewTestIdea" name="getData" time="52.860"/>
</testsuite> <!-- com.qa.SeleniumPractice.InterviewTestIdea -->
