<?xml version="1.0" encoding="UTF-8"?>
<!-- Generated by org.testng.reporters.JUnitReportReporter -->
<testsuite skipped="0" hostname="LAPTOP-AHM0O4DO" name="com.qa.tests.FileUpload" tests="1" failures="0" timestamp="2021-02-25T14:02:08 IST" time="10.067" errors="0">
  <testcase name="testUpload" time="10.067" classname="com.qa.tests.FileUpload"/>
  <system-out/>
</testsuite> <!-- com.qa.tests.FileUpload -->
