<?xml version="1.0" encoding="UTF-8"?>
<!-- Generated by org.testng.reporters.JUnitReportReporter -->
<testsuite hostname="D43VHYX1" failures="0" tests="1" name="com.qa.SeleniumPractice.CheckKeysPressINSelenium" time="9.384" errors="0" timestamp="2020-03-22T11:51:10 IST" skipped="0">
  <testcase classname="com.qa.SeleniumPractice.CheckKeysPressINSelenium" name="checkKeyPress" time="9.384"/>
</testsuite> <!-- com.qa.SeleniumPractice.CheckKeysPressINSelenium -->
