<?xml version="1.0" encoding="UTF-8"?>
<!-- Generated by org.testng.reporters.JUnitReportReporter -->
<testsuite hostname="D43VHYX1" failures="0" tests="1" name="com.qa.random.CheckKeysPressINSelenium" time="106.571" errors="0" timestamp="2020-03-19T12:19:14 IST" skipped="0">
  <testcase classname="com.qa.random.CheckKeysPressINSelenium" name="checkKeyPress" time="106.571"/>
</testsuite> <!-- com.qa.random.CheckKeysPressINSelenium -->
