<?xml version="1.0" encoding="UTF-8"?>
<!-- Generated by org.testng.reporters.JUnitReportReporter -->
<testsuite hostname="D43VHYX1" failures="0" tests="1" name="com.qa.random.PrintMissingValues" time="0.016" errors="0" timestamp="2020-03-02T12:43:45 IST" skipped="0">
  <testcase classname="com.qa.random.PrintMissingValues" name="missingValues" time="0.016"/>
</testsuite> <!-- com.qa.random.PrintMissingValues -->
