<?xml version="1.0" encoding="UTF-8"?>
<!-- Generated by org.testng.reporters.JUnitReportReporter -->
<testsuite hostname="D43VHYX1" failures="0" tests="1" name="com.qa.utils.GenericsFeature" time="0.022" errors="0" timestamp="2019-09-11T10:25:54 IST" skipped="0">
  <testcase classname="com.qa.utils.GenericsFeature" name="getGenericValueTest" time="0.022"/>
</testsuite> <!-- com.qa.utils.GenericsFeature -->
