<?xml version="1.0" encoding="UTF-8"?>
<!-- Generated by org.testng.reporters.JUnitReportReporter -->
<testsuite hostname="D43VHYX1" failures="0" tests="1" name="com.qa.random.TestNGAnnotationSequence" time="0.023" errors="0" timestamp="2020-03-03T11:23:46 IST" skipped="0">
  <testcase classname="com.qa.random.TestNGAnnotationSequence" name="test" time="0.023"/>
</testsuite> <!-- com.qa.random.TestNGAnnotationSequence -->
