<?xml version="1.0" encoding="UTF-8"?>
<!-- Generated by org.testng.reporters.JUnitReportReporter -->
<testsuite hostname="D43VHYX1" failures="0" tests="3" name="com.qa.tests.LoginTest" time="0.032" errors="0" timestamp="2019-09-18T10:24:41 IST" skipped="0">
  <testcase classname="com.qa.tests.LoginTest" name="initializeDriver2" time="0.007"/>
  <testcase classname="com.qa.tests.LoginTest" name="initializeDriver1" time="0.003"/>
  <testcase classname="com.qa.tests.LoginTest" name="initializeDriver" time="0.022"/>
</testsuite> <!-- com.qa.tests.LoginTest -->
