<?xml version="1.0" encoding="UTF-8"?>
<!-- Generated by org.testng.reporters.JUnitReportReporter -->
<testsuite hostname="D43VHYX1" failures="0" tests="1" name="com.qa.utils.TestNGTest" time="0.018" errors="0" timestamp="2019-09-10T17:56:06 IST" skipped="0">
  <testcase classname="com.qa.utils.TestNGTest" name="googleTest" time="0.018"/>
</testsuite> <!-- com.qa.utils.TestNGTest -->
