<?xml version="1.0" encoding="UTF-8"?>
<!-- Generated by org.testng.reporters.JUnitReportReporter -->
<testsuite hostname="D43VHYX1" failures="0" tests="1" name="com.qa.SeleniumPractice.MixImplicitWaitAndExplicitWait" time="30.521" errors="0" timestamp="2020-03-22T13:04:32 IST" skipped="0">
  <testcase classname="com.qa.SeleniumPractice.MixImplicitWaitAndExplicitWait" name="mixImplicitExplicit" time="30.521"/>
</testsuite> <!-- com.qa.SeleniumPractice.MixImplicitWaitAndExplicitWait -->
